1637041021900|0|statement|connection 14|url jdbc:h2:mem:final|     drop table if exists board CASCADE |     drop table if exists board CASCADE 
1637041021902|0|statement|connection 14|url jdbc:h2:mem:final|     drop table if exists board_comment CASCADE |     drop table if exists board_comment CASCADE 
1637041021902|0|statement|connection 14|url jdbc:h2:mem:final|     drop table if exists board_comment_likes CASCADE |     drop table if exists board_comment_likes CASCADE 
1637041021902|0|statement|connection 14|url jdbc:h2:mem:final|     drop table if exists board_image CASCADE |     drop table if exists board_image CASCADE 
1637041021902|0|statement|connection 14|url jdbc:h2:mem:final|     drop table if exists board_likes CASCADE |     drop table if exists board_likes CASCADE 
1637041021903|0|statement|connection 14|url jdbc:h2:mem:final|     drop table if exists brand CASCADE |     drop table if exists brand CASCADE 
1637041021903|0|statement|connection 14|url jdbc:h2:mem:final|     drop table if exists follow CASCADE |     drop table if exists follow CASCADE 
1637041021903|0|statement|connection 14|url jdbc:h2:mem:final|     drop table if exists product CASCADE |     drop table if exists product CASCADE 
1637041021903|0|statement|connection 14|url jdbc:h2:mem:final|     drop table if exists recipe CASCADE |     drop table if exists recipe CASCADE 
1637041021903|0|statement|connection 14|url jdbc:h2:mem:final|     drop table if exists recipe_comment CASCADE |     drop table if exists recipe_comment CASCADE 
1637041021903|0|statement|connection 14|url jdbc:h2:mem:final|     drop table if exists recipe_comment_likes CASCADE |     drop table if exists recipe_comment_likes CASCADE 
1637041021903|0|statement|connection 14|url jdbc:h2:mem:final|     drop table if exists recipe_image CASCADE |     drop table if exists recipe_image CASCADE 
1637041021904|0|statement|connection 14|url jdbc:h2:mem:final|     drop table if exists recipe_likes CASCADE |     drop table if exists recipe_likes CASCADE 
1637041021904|0|statement|connection 14|url jdbc:h2:mem:final|     drop table if exists review CASCADE |     drop table if exists review CASCADE 
1637041021904|0|statement|connection 14|url jdbc:h2:mem:final|     drop table if exists tag CASCADE |     drop table if exists tag CASCADE 
1637041021904|0|statement|connection 14|url jdbc:h2:mem:final|     drop table if exists user CASCADE |     drop table if exists user CASCADE 
1637041400933|0|statement|connection 14|url jdbc:h2:mem:final|     drop table if exists board CASCADE |     drop table if exists board CASCADE 
1637041400934|0|statement|connection 14|url jdbc:h2:mem:final|     drop table if exists board_comment CASCADE |     drop table if exists board_comment CASCADE 
1637041400934|0|statement|connection 14|url jdbc:h2:mem:final|     drop table if exists board_comment_likes CASCADE |     drop table if exists board_comment_likes CASCADE 
1637041400934|0|statement|connection 14|url jdbc:h2:mem:final|     drop table if exists board_image CASCADE |     drop table if exists board_image CASCADE 
1637041400934|0|statement|connection 14|url jdbc:h2:mem:final|     drop table if exists board_likes CASCADE |     drop table if exists board_likes CASCADE 
1637041400935|0|statement|connection 14|url jdbc:h2:mem:final|     drop table if exists brand CASCADE |     drop table if exists brand CASCADE 
1637041400935|0|statement|connection 14|url jdbc:h2:mem:final|     drop table if exists follow CASCADE |     drop table if exists follow CASCADE 
1637041400935|0|statement|connection 14|url jdbc:h2:mem:final|     drop table if exists product CASCADE |     drop table if exists product CASCADE 
1637041400935|0|statement|connection 14|url jdbc:h2:mem:final|     drop table if exists recipe CASCADE |     drop table if exists recipe CASCADE 
1637041400935|0|statement|connection 14|url jdbc:h2:mem:final|     drop table if exists recipe_comment CASCADE |     drop table if exists recipe_comment CASCADE 
1637041400935|0|statement|connection 14|url jdbc:h2:mem:final|     drop table if exists recipe_comment_likes CASCADE |     drop table if exists recipe_comment_likes CASCADE 
1637041400935|0|statement|connection 14|url jdbc:h2:mem:final|     drop table if exists recipe_image CASCADE |     drop table if exists recipe_image CASCADE 
1637041400935|0|statement|connection 14|url jdbc:h2:mem:final|     drop table if exists recipe_likes CASCADE |     drop table if exists recipe_likes CASCADE 
1637041400936|0|statement|connection 14|url jdbc:h2:mem:final|     drop table if exists review CASCADE |     drop table if exists review CASCADE 
1637041400936|0|statement|connection 14|url jdbc:h2:mem:final|     drop table if exists tag CASCADE |     drop table if exists tag CASCADE 
1637041400936|0|statement|connection 14|url jdbc:h2:mem:final|     drop table if exists user CASCADE |     drop table if exists user CASCADE 
1637041535945|0|statement|connection 14|url jdbc:h2:mem:final|     drop table if exists board CASCADE |     drop table if exists board CASCADE 
1637041535945|0|statement|connection 14|url jdbc:h2:mem:final|     drop table if exists board_comment CASCADE |     drop table if exists board_comment CASCADE 
1637041535945|0|statement|connection 14|url jdbc:h2:mem:final|     drop table if exists board_comment_likes CASCADE |     drop table if exists board_comment_likes CASCADE 
1637041535945|0|statement|connection 14|url jdbc:h2:mem:final|     drop table if exists board_image CASCADE |     drop table if exists board_image CASCADE 
1637041535946|0|statement|connection 14|url jdbc:h2:mem:final|     drop table if exists board_likes CASCADE |     drop table if exists board_likes CASCADE 
1637041535946|0|statement|connection 14|url jdbc:h2:mem:final|     drop table if exists brand CASCADE |     drop table if exists brand CASCADE 
1637041535946|0|statement|connection 14|url jdbc:h2:mem:final|     drop table if exists follow CASCADE |     drop table if exists follow CASCADE 
1637041535946|0|statement|connection 14|url jdbc:h2:mem:final|     drop table if exists product CASCADE |     drop table if exists product CASCADE 
1637041535946|0|statement|connection 14|url jdbc:h2:mem:final|     drop table if exists recipe CASCADE |     drop table if exists recipe CASCADE 
1637041535946|0|statement|connection 14|url jdbc:h2:mem:final|     drop table if exists recipe_comment CASCADE |     drop table if exists recipe_comment CASCADE 
1637041535946|0|statement|connection 14|url jdbc:h2:mem:final|     drop table if exists recipe_comment_likes CASCADE |     drop table if exists recipe_comment_likes CASCADE 
1637041535946|0|statement|connection 14|url jdbc:h2:mem:final|     drop table if exists recipe_image CASCADE |     drop table if exists recipe_image CASCADE 
1637041535946|0|statement|connection 14|url jdbc:h2:mem:final|     drop table if exists recipe_likes CASCADE |     drop table if exists recipe_likes CASCADE 
1637041535946|0|statement|connection 14|url jdbc:h2:mem:final|     drop table if exists review CASCADE |     drop table if exists review CASCADE 
1637041535946|0|statement|connection 14|url jdbc:h2:mem:final|     drop table if exists tag CASCADE |     drop table if exists tag CASCADE 
1637041535946|0|statement|connection 14|url jdbc:h2:mem:final|     drop table if exists user CASCADE |     drop table if exists user CASCADE 
